<?xml version="1.0" encoding="UTF-8"?>
<testng-results ignored="0" total="1" passed="1" failed="0" skipped="0">
  <reporter-output>
  </reporter-output>
  <suite started-at="2023-08-24T11:11:28 IST" name="Default suite" finished-at="2023-08-24T11:11:36 IST" duration-ms="8091">
    <groups>
    </groups>
    <test started-at="2023-08-24T11:11:28 IST" name="Default test" finished-at="2023-08-24T11:11:36 IST" duration-ms="8091">
      <class name="sportyShoes.testscript.BuyShoeTest">
        <test-method is-config="true" signature="launchApplication()[pri:0, instance:sportyShoes.testscript.BuyShoeTest@738dc9b]" started-at="2023-08-24T11:11:28 IST" name="launchApplication" finished-at="2023-08-24T11:11:30 IST" duration-ms="2842" status="PASS">
          <reporter-output>
          </reporter-output>
        </test-method> <!-- launchApplication -->
        <test-method signature="buyShoe()[pri:0, instance:sportyShoes.testscript.BuyShoeTest@738dc9b]" started-at="2023-08-24T11:11:31 IST" name="buyShoe" finished-at="2023-08-24T11:11:36 IST" duration-ms="5211" status="PASS">
          <reporter-output>
          </reporter-output>
        </test-method> <!-- buyShoe -->
        <test-method is-config="true" signature="closeBrowser()[pri:0, instance:sportyShoes.testscript.BuyShoeTest@738dc9b]" started-at="2023-08-24T11:11:36 IST" name="closeBrowser" finished-at="2023-08-24T11:11:36 IST" duration-ms="0" status="PASS">
          <reporter-output>
          </reporter-output>
        </test-method> <!-- closeBrowser -->
      </class> <!-- sportyShoes.testscript.BuyShoeTest -->
    </test> <!-- Default test -->
  </suite> <!-- Default suite -->
</testng-results>
