<?xml version="1.0" encoding="UTF-8"?>
<testng-results ignored="0" total="3" passed="3" failed="0" skipped="0">
  <reporter-output>
  </reporter-output>
  <suite started-at="2023-08-24T10:31:59 IST" name="Default suite" finished-at="2023-08-24T10:32:00 IST" duration-ms="1740">
    <groups>
    </groups>
    <test started-at="2023-08-24T10:31:59 IST" name="Default test" finished-at="2023-08-24T10:32:00 IST" duration-ms="1740">
      <class name="sportyShoes.SportyShoesDemo">
        <test-method is-config="true" signature="setUp()[pri:0, instance:sportyShoes.SportyShoesDemo@75c56eb9]" started-at="2023-08-24T10:31:59 IST" name="setUp" finished-at="2023-08-24T10:31:59 IST" duration-ms="93" status="PASS">
          <reporter-output>
          </reporter-output>
        </test-method> <!-- setUp -->
        <test-method signature="getproductsDetails()[pri:0, instance:sportyShoes.SportyShoesDemo@75c56eb9]" started-at="2023-08-24T10:31:59 IST" name="getproductsDetails" finished-at="2023-08-24T10:32:00 IST" duration-ms="1523" status="PASS">
          <reporter-output>
          </reporter-output>
        </test-method> <!-- getproductsDetails -->
        <test-method signature="getregisteredusers()[pri:1, instance:sportyShoes.SportyShoesDemo@75c56eb9]" started-at="2023-08-24T10:32:00 IST" name="getregisteredusers" finished-at="2023-08-24T10:32:00 IST" duration-ms="19" status="PASS">
          <reporter-output>
          </reporter-output>
        </test-method> <!-- getregisteredusers -->
        <test-method signature="addProduct()[pri:2, instance:sportyShoes.SportyShoesDemo@75c56eb9]" started-at="2023-08-24T10:32:00 IST" name="addProduct" finished-at="2023-08-24T10:32:00 IST" duration-ms="69" status="PASS">
          <reporter-output>
          </reporter-output>
        </test-method> <!-- addProduct -->
      </class> <!-- sportyShoes.SportyShoesDemo -->
    </test> <!-- Default test -->
  </suite> <!-- Default suite -->
</testng-results>
