<?xml version="1.0" encoding="UTF-8"?>
<!-- Generated by org.testng.reporters.JUnitXMLReporter -->
<testsuite ignored="0" hostname="DESKTOP-MURDGNT" failures="0" tests="3" name="Default test" time="1.74" errors="0" timestamp="2023-08-24T10:32:00 IST">
  <testcase classname="sportyShoes.SportyShoesDemo" name="getproductsDetails" time="1.523"/>
  <testcase classname="sportyShoes.SportyShoesDemo" name="getregisteredusers" time="0.019"/>
  <testcase classname="sportyShoes.SportyShoesDemo" name="addProduct" time="0.069"/>
</testsuite> <!-- Default test -->
